{"level":"info","message":"200 GET 8.18ms /","timestamp":"2019-01-15T09:56:41.498Z"}
{"level":"info","message":"200 GET 9.86ms /","timestamp":"2019-01-15T09:56:41.498Z"}
{"level":"info","message":"200 GET 14.14ms /","timestamp":"2019-01-15T10:35:33.766Z"}
{"level":"info","message":"200 GET 15.08ms /","timestamp":"2019-01-15T10:35:33.767Z"}
{"level":"info","message":"200 GET 211.40ms /","timestamp":"2019-01-15T13:09:47.252Z"}
{"level":"info","message":"200 GET 251.13ms /","timestamp":"2019-01-15T13:09:47.256Z"}
{"level":"info","message":"200 GET 43.17ms /","timestamp":"2019-01-16T06:21:46.328Z"}
{"level":"info","message":"200 GET 44.65ms /","timestamp":"2019-01-16T06:21:46.328Z"}
{"level":"info","message":"404 POST 3.20ms /user/login","timestamp":"2019-01-16T07:22:17.603Z"}
{"level":"info","message":"404 POST 3.91ms /user/login","timestamp":"2019-01-16T07:22:17.604Z"}
{"level":"info","message":"404 POST 2.40ms /user/login","timestamp":"2019-01-16T07:22:31.791Z"}
{"level":"info","message":"404 POST 2.78ms /user/login","timestamp":"2019-01-16T07:22:31.792Z"}
{"level":"info","message":"404 GET 54.48ms /explore","timestamp":"2019-01-16T08:24:43.013Z"}
{"level":"info","message":"404 GET 54.61ms /explore","timestamp":"2019-01-16T08:24:43.013Z"}
{"level":"info","message":"404 GET 3.11ms /exlorer","timestamp":"2019-01-16T08:27:44.969Z"}
{"level":"info","message":"404 GET 3.19ms /exlorer","timestamp":"2019-01-16T08:27:44.969Z"}
{"level":"info","message":"404 GET 1.17ms /explore","timestamp":"2019-01-16T10:28:08.343Z"}
{"level":"info","message":"404 GET 1.28ms /explore","timestamp":"2019-01-16T10:28:08.343Z"}
{"level":"info","message":"200 GET 21.62ms /","timestamp":"2019-01-16T10:41:48.910Z"}
{"level":"info","message":"200 GET 22.02ms /","timestamp":"2019-01-16T10:41:48.910Z"}
{"level":"info","message":"200 GET 1.72ms /","timestamp":"2019-01-16T10:43:38.880Z"}
{"level":"info","message":"200 GET 2.20ms /","timestamp":"2019-01-16T10:43:38.880Z"}
{"level":"info","message":"304 GET 2.49ms /","timestamp":"2019-01-16T10:43:48.719Z"}
{"level":"info","message":"304 GET 2.90ms /","timestamp":"2019-01-16T10:43:48.719Z"}
{"level":"info","message":"200 GET 1.62ms /","timestamp":"2019-01-16T11:21:37.725Z"}
{"level":"info","message":"200 GET 1.99ms /","timestamp":"2019-01-16T11:21:37.725Z"}
{"level":"info","message":"404 GET 1.07ms /explore","timestamp":"2019-01-16T12:53:31.248Z"}
{"level":"info","message":"404 GET 1.19ms /explore","timestamp":"2019-01-16T12:53:31.248Z"}
{"level":"info","message":"404 GET 3.32ms /explore","timestamp":"2019-01-16T12:53:56.170Z"}
{"level":"info","message":"404 GET 3.67ms /explore","timestamp":"2019-01-16T12:53:56.170Z"}
{"level":"info","message":"404 GET 3.35ms /exploreer","timestamp":"2019-01-16T12:55:49.870Z"}
{"level":"info","message":"404 GET 3.68ms /exploreer","timestamp":"2019-01-16T12:55:49.870Z"}
{"level":"info","message":"304 GET 0.57ms /","timestamp":"2019-01-17T04:31:05.189Z"}
{"level":"info","message":"304 GET 2.68ms /","timestamp":"2019-01-17T04:31:05.190Z"}
{"level":"info","message":"404 POST 2.29ms /api./user/login","timestamp":"2019-01-17T09:30:00.251Z"}
{"level":"info","message":"404 POST 3.11ms /api./user/login","timestamp":"2019-01-17T09:30:00.251Z"}
{"level":"info","message":"304 GET 19.69ms /","timestamp":"2019-01-18T10:45:31.419Z"}
{"level":"info","message":"304 GET 21.87ms /","timestamp":"2019-01-18T10:45:31.419Z"}
{"level":"info","message":"304 GET 3.28ms /","timestamp":"2019-01-21T10:13:48.605Z"}
{"level":"info","message":"304 GET 4.95ms /","timestamp":"2019-01-21T10:13:48.606Z"}
{"level":"info","message":"304 GET 3.00ms /","timestamp":"2019-01-22T04:27:31.485Z"}
{"level":"info","message":"304 GET 4.44ms /","timestamp":"2019-01-22T04:27:31.485Z"}
{"level":"info","message":"304 GET 0.96ms /","timestamp":"2019-01-22T12:28:39.334Z"}
{"level":"info","message":"304 GET 2.45ms /","timestamp":"2019-01-22T12:28:39.334Z"}
{"level":"info","message":"200 GET 17.51ms /","timestamp":"2019-01-22T13:33:17.764Z"}
{"level":"info","message":"200 GET 18.30ms /","timestamp":"2019-01-22T13:33:17.764Z"}
{"level":"info","message":"304 GET 7.40ms /","timestamp":"2019-01-23T04:38:45.704Z"}
{"level":"info","message":"304 GET 13.99ms /","timestamp":"2019-01-23T04:38:45.706Z"}
{"level":"info","message":"200 GET 19.43ms /","timestamp":"2019-01-23T05:11:37.891Z"}
{"level":"info","message":"200 GET 21.33ms /","timestamp":"2019-01-23T05:11:37.891Z"}
{"level":"info","message":"200 GET 15.91ms /","timestamp":"2019-01-24T06:06:26.187Z"}
{"level":"info","message":"200 GET 17.58ms /","timestamp":"2019-01-24T06:06:26.187Z"}
{"level":"info","message":"200 GET 1.95ms /","timestamp":"2019-01-24T06:07:22.328Z"}
{"level":"info","message":"200 GET 2.71ms /","timestamp":"2019-01-24T06:07:22.328Z"}
{"level":"info","message":"404 GET 3.77ms /exploer","timestamp":"2019-01-24T06:07:33.348Z"}
{"level":"info","message":"404 GET 3.91ms /exploer","timestamp":"2019-01-24T06:07:33.348Z"}
{"level":"info","message":"304 GET 1.04ms /","timestamp":"2019-01-24T06:07:44.536Z"}
{"level":"info","message":"304 GET 1.45ms /","timestamp":"2019-01-24T06:07:44.536Z"}
{"level":"info","message":"200 GET 31.89ms /","timestamp":"2019-01-25T04:09:42.557Z"}
{"level":"info","message":"200 GET 37.58ms /","timestamp":"2019-01-25T04:09:42.559Z"}
{"level":"info","message":"404 GET 35.81ms /exploer","timestamp":"2019-01-25T04:36:38.383Z"}
{"level":"info","message":"404 GET 36.59ms /exploer","timestamp":"2019-01-25T04:36:38.383Z"}
{"level":"info","message":"304 GET 8.04ms /","timestamp":"2019-01-28T04:33:41.372Z"}
{"level":"info","message":"304 GET 10.94ms /","timestamp":"2019-01-28T04:33:41.373Z"}
{"level":"info","message":"404 GET 47.86ms /exploer","timestamp":"2019-01-28T04:35:37.501Z"}
{"level":"info","message":"404 GET 48.57ms /exploer","timestamp":"2019-01-28T04:35:37.502Z"}
{"level":"info","message":"404 GET 4.31ms /exploer","timestamp":"2019-01-28T04:35:48.820Z"}
{"level":"info","message":"404 GET 4.70ms /exploer","timestamp":"2019-01-28T04:35:48.821Z"}
{"level":"info","message":"404 GET 3.64ms /exploere","timestamp":"2019-01-28T04:36:03.930Z"}
{"level":"info","message":"404 GET 4.01ms /exploere","timestamp":"2019-01-28T04:36:03.930Z"}
{"level":"info","message":"200 GET 26.36ms /","timestamp":"2019-01-28T04:36:19.715Z"}
{"level":"info","message":"200 GET 26.81ms /","timestamp":"2019-01-28T04:36:19.716Z"}
{"level":"info","message":"304 GET 0.99ms /","timestamp":"2019-01-28T04:36:44.960Z"}
{"level":"info","message":"304 GET 1.38ms /","timestamp":"2019-01-28T04:36:44.960Z"}
{"level":"info","message":"304 GET 1.03ms /","timestamp":"2019-01-28T13:14:00.194Z"}
{"level":"info","message":"304 GET 1.49ms /","timestamp":"2019-01-28T13:14:00.194Z"}
{"level":"info","message":"304 GET 13.08ms /","timestamp":"2019-01-29T05:11:48.914Z"}
{"level":"info","message":"304 GET 16.94ms /","timestamp":"2019-01-29T05:11:48.915Z"}
{"level":"info","message":"304 GET 1.95ms /","timestamp":"2019-01-29T05:11:53.529Z"}
{"level":"info","message":"304 GET 2.70ms /","timestamp":"2019-01-29T05:11:53.530Z"}
{"level":"info","message":"304 GET 1.03ms /","timestamp":"2019-01-29T05:11:54.867Z"}
{"level":"info","message":"304 GET 1.48ms /","timestamp":"2019-01-29T05:11:54.868Z"}
{"level":"info","message":"304 GET 1.11ms /","timestamp":"2019-01-29T05:11:56.082Z"}
{"level":"info","message":"304 GET 1.50ms /","timestamp":"2019-01-29T05:11:56.082Z"}
{"level":"info","message":"304 GET 1.04ms /","timestamp":"2019-01-29T05:11:57.024Z"}
{"level":"info","message":"304 GET 1.45ms /","timestamp":"2019-01-29T05:11:57.024Z"}
{"level":"info","message":"304 GET 1.08ms /","timestamp":"2019-01-29T05:12:48.856Z"}
{"level":"info","message":"304 GET 1.47ms /","timestamp":"2019-01-29T05:12:48.856Z"}
{"level":"info","message":"304 GET 2.02ms /","timestamp":"2019-01-31T10:40:05.766Z"}
{"level":"info","message":"304 GET 3.78ms /","timestamp":"2019-01-31T10:40:05.767Z"}
{"level":"info","message":"200 GET 37.10ms /","timestamp":"2019-02-01T04:10:13.455Z"}
{"level":"info","message":"200 GET 41.04ms /","timestamp":"2019-02-01T04:10:13.456Z"}
{"level":"info","message":"304 GET 0.91ms /","timestamp":"2019-02-01T04:10:20.686Z"}
{"level":"info","message":"304 GET 1.15ms /","timestamp":"2019-02-01T04:10:20.686Z"}
{"level":"info","message":"200 GET 14.16ms /","timestamp":"2019-02-07T09:08:15.164Z"}
{"level":"info","message":"200 GET 20.33ms /","timestamp":"2019-02-07T09:08:15.165Z"}
{"level":"info","message":"200 GET 18.40ms /","timestamp":"2019-02-07T12:08:50.672Z"}
{"level":"info","message":"200 GET 19.28ms /","timestamp":"2019-02-07T12:08:50.672Z"}
{"level":"info","message":"404 POST 57.45ms /explorer/","timestamp":"2019-02-08T05:46:00.979Z"}
{"level":"info","message":"404 POST 63.10ms /explorer/","timestamp":"2019-02-08T05:46:00.980Z"}
{"level":"info","message":"404 POST 2.96ms /explorer/","timestamp":"2019-02-08T05:46:52.803Z"}
{"level":"info","message":"404 POST 3.67ms /explorer/","timestamp":"2019-02-08T05:46:52.803Z"}
{"level":"info","message":"404 POST 0.76ms /explorer/","timestamp":"2019-02-08T05:51:23.936Z"}
{"level":"info","message":"404 POST 1.14ms /explorer/","timestamp":"2019-02-08T05:51:23.936Z"}
{"level":"info","message":"404 POST 2.61ms /explorer/","timestamp":"2019-02-08T05:51:43.324Z"}
{"level":"info","message":"404 POST 2.95ms /explorer/","timestamp":"2019-02-08T05:51:43.325Z"}
{"level":"info","message":"404 POST 2.34ms /explorer/","timestamp":"2019-02-08T05:55:48.361Z"}
{"level":"info","message":"404 POST 2.70ms /explorer/","timestamp":"2019-02-08T05:55:48.361Z"}
{"level":"info","message":"404 POST 2.32ms /explorer/","timestamp":"2019-02-08T05:56:55.531Z"}
{"level":"info","message":"404 POST 2.67ms /explorer/","timestamp":"2019-02-08T05:56:55.532Z"}
{"level":"info","message":"404 PATCH 2.29ms /explorer/","timestamp":"2019-02-08T05:57:17.131Z"}
{"level":"info","message":"404 PATCH 2.63ms /explorer/","timestamp":"2019-02-08T05:57:17.131Z"}
{"level":"info","message":"404 POST 2.41ms /explorer/","timestamp":"2019-02-08T05:57:45.384Z"}
{"level":"info","message":"404 POST 2.76ms /explorer/","timestamp":"2019-02-08T05:57:45.384Z"}
{"level":"info","message":"404 PATCH 2.33ms /explorer/","timestamp":"2019-02-08T05:58:20.691Z"}
{"level":"info","message":"404 PATCH 2.68ms /explorer/","timestamp":"2019-02-08T05:58:20.691Z"}
{"level":"info","message":"404 PATCH 2.38ms /explorer/","timestamp":"2019-02-08T05:58:39.159Z"}
{"level":"info","message":"404 PATCH 2.79ms /explorer/","timestamp":"2019-02-08T05:58:39.159Z"}
{"level":"info","message":"404 PATCH 2.37ms /explorer/","timestamp":"2019-02-08T05:58:44.947Z"}
{"level":"info","message":"404 PATCH 2.79ms /explorer/","timestamp":"2019-02-08T05:58:44.947Z"}
{"level":"info","message":"404 PATCH 2.24ms /explorer/","timestamp":"2019-02-08T10:22:26.006Z"}
{"level":"info","message":"404 PATCH 2.77ms /explorer/","timestamp":"2019-02-08T10:22:26.006Z"}
{"level":"info","message":"304 GET 1.59ms /","timestamp":"2019-02-09T04:16:11.404Z"}
{"level":"info","message":"304 GET 4.52ms /","timestamp":"2019-02-09T04:16:11.404Z"}
{"level":"info","message":"404 GET 7.75ms /swagger/index","timestamp":"2019-03-09T04:28:08.440Z"}
{"level":"info","message":"404 GET 12.66ms /swagger/index","timestamp":"2019-03-09T04:28:08.442Z"}
{"level":"info","message":"404 GET 8.74ms /swagger/index.html41/landlord","timestamp":"2019-03-09T04:29:01.692Z"}
{"level":"info","message":"404 GET 10.68ms /swagger/index.html41/landlord","timestamp":"2019-03-09T04:29:01.694Z"}
{"level":"info","message":"404 GET 7.90ms /user","timestamp":"2019-03-09T06:05:35.750Z"}
{"level":"info","message":"404 GET 9.58ms /user","timestamp":"2019-03-09T06:05:35.751Z"}
{"level":"info","message":"404 GET 8.54ms /user","timestamp":"2019-03-09T06:07:57.069Z"}
{"level":"info","message":"404 GET 10.00ms /user","timestamp":"2019-03-09T06:07:57.070Z"}
{"level":"info","message":"404 GET 6.95ms /user","timestamp":"2019-03-09T06:08:00.492Z"}
{"level":"info","message":"404 GET 8.41ms /user","timestamp":"2019-03-09T06:08:00.493Z"}
{"level":"info","message":"404 GET 3.25ms /user","timestamp":"2019-03-09T06:08:17.077Z"}
{"level":"info","message":"404 GET 4.48ms /user","timestamp":"2019-03-09T06:08:17.077Z"}
{"level":"info","message":"404 GET 7.86ms /user","timestamp":"2019-03-09T06:08:18.369Z"}
{"level":"info","message":"404 GET 9.78ms /user","timestamp":"2019-03-09T06:08:18.371Z"}
{"level":"info","message":"404 GET 7.08ms /explorer/user","timestamp":"2019-03-09T06:08:40.477Z"}
{"level":"info","message":"404 GET 8.76ms /explorer/user","timestamp":"2019-03-09T06:08:40.479Z"}
{"level":"info","message":"404 GET 6.87ms /explorer/user","timestamp":"2019-03-09T06:09:29.230Z"}
{"level":"info","message":"404 GET 8.99ms /explorer/user","timestamp":"2019-03-09T06:09:29.232Z"}
{"level":"info","message":"404 GET 8.37ms /explorer/user","timestamp":"2019-03-09T06:09:30.483Z"}
{"level":"info","message":"404 GET 9.77ms /explorer/user","timestamp":"2019-03-09T06:09:30.487Z"}
{"level":"info","message":"404 GET 6.76ms /explorer/user","timestamp":"2019-03-09T06:09:31.248Z"}
{"level":"info","message":"404 GET 8.15ms /explorer/user","timestamp":"2019-03-09T06:09:31.250Z"}
{"level":"info","message":"404 GET 7.53ms /explorer/user","timestamp":"2019-03-09T06:09:31.968Z"}
{"level":"info","message":"404 GET 8.84ms /explorer/user","timestamp":"2019-03-09T06:09:31.971Z"}
{"level":"info","message":"404 GET 6.54ms /explorer/user","timestamp":"2019-03-09T06:09:32.283Z"}
{"level":"info","message":"404 GET 7.82ms /explorer/user","timestamp":"2019-03-09T06:09:32.285Z"}
{"level":"info","message":"404 GET 6.72ms /explorer/user","timestamp":"2019-03-09T06:09:32.468Z"}
{"level":"info","message":"404 GET 8.00ms /explorer/user","timestamp":"2019-03-09T06:09:32.469Z"}
{"level":"info","message":"404 GET 11.09ms /explorer/user","timestamp":"2019-03-09T06:09:32.670Z"}
{"level":"info","message":"404 GET 12.34ms /explorer/user","timestamp":"2019-03-09T06:09:32.672Z"}
{"level":"info","message":"404 POST 4.78ms /explorer/","timestamp":"2019-03-11T04:53:46.713Z"}
{"level":"info","message":"404 POST 32.61ms /explorer/","timestamp":"2019-03-11T04:53:46.714Z"}
{"level":"info","message":"404 GET 7.56ms /explorer//user","timestamp":"2019-03-11T04:57:20.754Z"}
{"level":"info","message":"404 GET 9.63ms /explorer//user","timestamp":"2019-03-11T04:57:20.755Z"}
{"level":"info","message":"404 GET 8.95ms /explorer//user","timestamp":"2019-03-11T04:58:51.010Z"}
{"level":"info","message":"404 GET 10.58ms /explorer//user","timestamp":"2019-03-11T04:58:51.012Z"}
{"level":"info","message":"404 GET 6.85ms /explorer//user","timestamp":"2019-03-11T04:59:49.096Z"}
{"level":"info","message":"404 GET 8.37ms /explorer//user","timestamp":"2019-03-11T04:59:49.097Z"}
{"level":"info","message":"404 GET 7.92ms /explorer//api/user","timestamp":"2019-03-11T05:54:45.670Z"}
{"level":"info","message":"404 GET 9.45ms /explorer//api/user","timestamp":"2019-03-11T05:54:45.671Z"}
{"level":"info","message":"404 GET 9.73ms /explorer//api/user","timestamp":"2019-03-11T05:55:18.718Z"}
{"level":"info","message":"404 GET 11.54ms /explorer//api/user","timestamp":"2019-03-11T05:55:18.719Z"}
{"level":"info","message":"404 POST 36.98ms /explorer/","timestamp":"2019-03-22T10:02:39.309Z"}
{"level":"info","message":"404 POST 84.03ms /explorer/","timestamp":"2019-03-22T10:02:39.314Z"}
{"level":"info","message":"404 POST 17.03ms /explorer/","timestamp":"2019-03-22T10:03:13.083Z"}
{"level":"info","message":"404 POST 19.91ms /explorer/","timestamp":"2019-03-22T10:03:13.089Z"}
{"level":"info","message":"404 POST 11.15ms /explorer/","timestamp":"2019-03-22T10:16:39.360Z"}
{"level":"info","message":"404 POST 14.01ms /explorer/","timestamp":"2019-03-22T10:16:39.365Z"}
{"level":"info","message":"404 POST 8.48ms /explorer/","timestamp":"2019-03-22T10:35:03.145Z"}
{"level":"info","message":"404 POST 13.90ms /explorer/","timestamp":"2019-03-22T10:35:03.147Z"}
{"level":"info","message":"404 POST 8.30ms /","timestamp":"2019-03-25T12:51:42.260Z"}
{"level":"info","message":"404 POST 31.14ms /","timestamp":"2019-03-25T12:51:42.263Z"}
{"level":"info","message":"404 POST 21.13ms /","timestamp":"2019-03-25T12:53:39.347Z"}
{"level":"info","message":"404 POST 27.85ms /","timestamp":"2019-03-25T12:53:39.348Z"}
{"level":"info","message":"404 GET 13.87ms /explorer/posts/1","timestamp":"2019-04-24T13:17:57.837Z"}
{"level":"info","message":"404 GET 37.70ms /explorer/posts/1","timestamp":"2019-04-24T13:17:57.838Z"}
{"level":"info","message":"404 GET 3.38ms /explorer/posts/1","timestamp":"2019-04-24T13:18:34.284Z"}
{"level":"info","message":"404 GET 4.33ms /explorer/posts/1","timestamp":"2019-04-24T13:18:34.284Z"}
{"level":"info","message":"404 POST 6.14ms /explorer/posts","timestamp":"2019-04-24T13:18:57.851Z"}
{"level":"info","message":"404 POST 7.61ms /explorer/posts","timestamp":"2019-04-24T13:18:57.853Z"}
{"level":"info","message":"404 POST 3.11ms /explorer/posts","timestamp":"2019-04-24T13:19:34.310Z"}
{"level":"info","message":"404 POST 4.38ms /explorer/posts","timestamp":"2019-04-24T13:19:34.311Z"}
{"level":"info","message":"404 GET 3.62ms /explorer/posts/1","timestamp":"2019-04-24T13:20:11.322Z"}
{"level":"info","message":"404 GET 4.47ms /explorer/posts/1","timestamp":"2019-04-24T13:20:11.323Z"}
{"level":"info","message":"404 POST 9.13ms /explorer/posts","timestamp":"2019-04-24T13:21:11.364Z"}
{"level":"info","message":"404 POST 11.90ms /explorer/posts","timestamp":"2019-04-24T13:21:11.365Z"}
{"level":"info","message":"404 GET 1.56ms /explorer/posts/1","timestamp":"2019-04-24T13:25:27.063Z"}
{"level":"info","message":"404 GET 1.94ms /explorer/posts/1","timestamp":"2019-04-24T13:25:27.063Z"}
{"level":"info","message":"404 POST 2.40ms /explorer/posts","timestamp":"2019-04-24T13:26:27.102Z"}
{"level":"info","message":"404 POST 3.04ms /explorer/posts","timestamp":"2019-04-24T13:26:27.102Z"}
{"level":"info","message":"404 GET 3.02ms /explorer/posts/1","timestamp":"2019-04-24T13:27:56.892Z"}
{"level":"info","message":"404 GET 3.60ms /explorer/posts/1","timestamp":"2019-04-24T13:27:56.892Z"}
{"level":"info","message":"404 GET 1.62ms /explorer/posts/1","timestamp":"2019-04-24T13:28:58.203Z"}
{"level":"info","message":"404 GET 2.00ms /explorer/posts/1","timestamp":"2019-04-24T13:28:58.203Z"}
{"level":"info","message":"404 POST 6.12ms /explorer/posts","timestamp":"2019-04-24T13:32:18.240Z"}
{"level":"info","message":"404 POST 7.85ms /explorer/posts","timestamp":"2019-04-24T13:32:18.243Z"}
{"level":"info","message":"404 GET 4.83ms /explorer/posts/1","timestamp":"2019-04-24T13:37:30.208Z"}
{"level":"info","message":"404 GET 5.30ms /explorer/posts/1","timestamp":"2019-04-24T13:37:30.208Z"}
{"level":"info","message":"404 GET 3.22ms /explorer/posts/1","timestamp":"2019-04-24T13:39:10.562Z"}
{"level":"info","message":"404 GET 4.04ms /explorer/posts/1","timestamp":"2019-04-24T13:39:10.562Z"}
{"level":"info","message":"404 GET 2.04ms /explorer/posts/1","timestamp":"2019-04-24T13:39:54.105Z"}
{"level":"info","message":"404 GET 2.63ms /explorer/posts/1","timestamp":"2019-04-24T13:39:54.105Z"}
{"level":"info","message":"404 POST 5.76ms /explorer/posts","timestamp":"2019-04-24T13:40:10.571Z"}
{"level":"info","message":"404 POST 7.09ms /explorer/posts","timestamp":"2019-04-24T13:40:10.573Z"}
{"level":"info","message":"404 POST 3.07ms /explorer/posts","timestamp":"2019-04-24T13:43:14.157Z"}
{"level":"info","message":"404 POST 4.17ms /explorer/posts","timestamp":"2019-04-24T13:43:14.158Z"}
{"level":"info","message":"404 GET 4.04ms /explorerPOST /user/userSignUp&postId=1","timestamp":"2019-04-25T05:33:42.198Z"}
{"level":"info","message":"404 GET 8.20ms /explorerPOST /user/userSignUp&postId=1","timestamp":"2019-04-25T05:33:42.199Z"}
{"level":"info","message":"200 GET 160.51ms /","timestamp":"2019-06-15T11:32:07.388Z"}
{"level":"info","message":"200 GET 163.88ms /","timestamp":"2019-06-15T11:32:07.389Z"}
{"level":"info","message":"200 GET 121.69ms /","timestamp":"2019-08-23T07:50:25.243Z"}
{"level":"info","message":"200 GET 126.36ms /","timestamp":"2019-08-23T07:50:25.244Z"}
